============================= test session starts =============================
platform win32 -- Python 3.12.1, pytest-9.0.2, pluggy-1.6.0 -- C:\Program Files\Python312\python.exe
cachedir: .pytest_cache
rootdir: D:\Geoview_Junhyub\2025\자산관리\소프트웨어\ProcessingReportDraft
plugins: anyio-4.12.0, asyncio-1.3.0, cov-7.0.0
asyncio: mode=Mode.STRICT, debug=False, asyncio_default_fixture_loop_scope=None, asyncio_default_test_loop_scope=function
collecting ... collected 22 items

tests/test_app.py::test_index_page PASSED                                [  4%]
tests/test_app.py::test_api_template_sbp PASSED                          [  9%]
tests/test_app.py::test_api_template_uhr PASSED                          [ 13%]
tests/test_app.py::test_api_template_no_body PASSED                      [ 18%]
tests/test_app.py::test_api_parse_valid PASSED                           [ 22%]
tests/test_app.py::test_api_parse_empty PASSED                           [ 27%]
tests/test_app.py::test_api_download_sbp PASSED                          [ 31%]
tests/test_app.py::test_api_download_no_body PASSED                      [ 36%]
tests/test_core.py::test_default_sbp_steps PASSED                        [ 40%]
tests/test_core.py::test_default_uhr_steps PASSED                        [ 45%]
tests/test_core.py::test_template_sbp PASSED                             [ 50%]
tests/test_core.py::test_template_uhr PASSED                             [ 54%]
tests/test_core.py::test_parse_simple_log PASSED                         [ 59%]
tests/test_core.py::test_parse_numbered_steps PASSED                     [ 63%]
tests/test_core.py::test_parse_with_parameters PASSED                    [ 68%]
tests/test_core.py::test_parse_empty PASSED                              [ 72%]
tests/test_core.py::test_parse_metadata_only PASSED                      [ 77%]
tests/test_core.py::test_processing_step_dataclass PASSED                [ 81%]
tests/test_core.py::test_processing_flow_step_count PASSED               [ 86%]
tests/test_core.py::test_generate_docx PASSED                            [ 90%]
tests/test_core.py::test_generate_docx_from_parsed PASSED                [ 95%]
tests/test_core.py::test_generate_docx_empty_flow PASSED                 [100%]

============================= 22 passed in 0.46s ==============================
